# JRE version: Java(TM) SE Runtime Environment 18.9 (11.0.12+8) (build 11.0.12+8-LTS-237)
# Java VM: Java HotSpot(TM) 64-Bit Server VM 18.9 (11.0.12+8-LTS-237, mixed mode, tiered, compressed oops, parallel gc, windows-amd64)
Heap:
 PSYoungGen      total 29696K, used 2838K [0x00000000eab00000, 0x00000000ec880000, 0x0000000100000000)
  eden space 25600K, 11% used [0x00000000eab00000,0x00000000eadc58b0,0x00000000ec400000)
  from space 4096K, 0% used [0x00000000ec400000,0x00000000ec400000,0x00000000ec800000)
  to   space 512K, 0% used [0x00000000ec800000,0x00000000ec800000,0x00000000ec880000)
 ParOldGen       total 68608K, used 9036K [0x00000000c0000000, 0x00000000c4300000, 0x00000000eab00000)
  object space 68608K, 13% used [0x00000000c0000000,0x00000000c08d3120,0x00000000c4300000)
 Metaspace       used 22716K, capacity 23854K, committed 24064K, reserved 1073152K
  class space    used 2081K, capacity 2507K, committed 2560K, reserved 1048576K
GC Heap History (10 events):
Event: 3.280 GC heap before
{Heap before GC invocations=5 (full 2):
 PSYoungGen      total 29696K, used 4082K [0x00000000eab00000, 0x00000000ecc00000, 0x0000000100000000)
  eden space 25600K, 0% used [0x00000000eab00000,0x00000000eab00000,0x00000000ec400000)
  from space 4096K, 99% used [0x00000000ec400000,0x00000000ec7fcb18,0x00000000ec800000)
  to   space 4096K, 0% used [0x00000000ec800000,0x00000000ec800000,0x00000000ecc00000)
 ParOldGen       total 68608K, used 5421K [0x00000000c0000000, 0x00000000c4300000, 0x00000000eab00000)
  object space 68608K, 7% used [0x00000000c0000000,0x00000000c054b6a0,0x00000000c4300000)
 Metaspace       used 20302K, capacity 21205K, committed 21248K, reserved 1073152K
  class space    used 1910K, capacity 2280K, committed 2304K, reserved 1048576K
}
Event: 3.365 GC heap after
{Heap after GC invocations=5 (full 2):
 PSYoungGen      total 29696K, used 0K [0x00000000eab00000, 0x00000000ecc00000, 0x0000000100000000)
  eden space 25600K, 0% used [0x00000000eab00000,0x00000000eab00000,0x00000000ec400000)
  from space 4096K, 0% used [0x00000000ec400000,0x00000000ec400000,0x00000000ec800000)
  to   space 4096K, 0% used [0x00000000ec800000,0x00000000ec800000,0x00000000ecc00000)
 ParOldGen       total 68608K, used 9280K [0x00000000c0000000, 0x00000000c4300000, 0x00000000eab00000)
  object space 68608K, 13% used [0x00000000c0000000,0x00000000c0910108,0x00000000c4300000)
 Metaspace       used 20302K, capacity 21205K, committed 21248K, reserved 1073152K
  class space    used 1910K, capacity 2280K, committed 2304K, reserved 1048576K
}
Event: 3.515 GC heap before
{Heap before GC invocations=6 (full 2):
 PSYoungGen      total 29696K, used 4244K [0x00000000eab00000, 0x00000000ecc00000, 0x0000000100000000)
  eden space 25600K, 16% used [0x00000000eab00000,0x00000000eaf25200,0x00000000ec400000)
  from space 4096K, 0% used [0x00000000ec400000,0x00000000ec400000,0x00000000ec800000)
  to   space 4096K, 0% used [0x00000000ec800000,0x00000000ec800000,0x00000000ecc00000)
 ParOldGen       total 68608K, used 9280K [0x00000000c0000000, 0x00000000c4300000, 0x00000000eab00000)
  object space 68608K, 13% used [0x00000000c0000000,0x00000000c0910108,0x00000000c4300000)
 Metaspace       used 21792K, capacity 22935K, committed 23040K, reserved 1081344K
  class space    used 2042K, capacity 2477K, committed 2560K, reserved 1048576K
}
Event: 3.517 GC heap after
{Heap after GC invocations=6 (full 2):
 PSYoungGen      total 29696K, used 547K [0x00000000eab00000, 0x00000000ecc00000, 0x0000000100000000)
  eden space 25600K, 0% used [0x00000000eab00000,0x00000000eab00000,0x00000000ec400000)
  from space 4096K, 13% used [0x00000000ec800000,0x00000000ec888ce0,0x00000000ecc00000)
  to   space 4096K, 0% used [0x00000000ec400000,0x00000000ec400000,0x00000000ec800000)
 ParOldGen       total 68608K, used 9280K [0x00000000c0000000, 0x00000000c4300000, 0x00000000eab00000)
  object space 68608K, 13% used [0x00000000c0000000,0x00000000c0910108,0x00000000c4300000)
 Metaspace       used 21792K, capacity 22935K, committed 23040K, reserved 1081344K
  class space    used 2042K, capacity 2477K, committed 2560K, reserved 1048576K
}
Event: 3.517 GC heap before
{Heap before GC invocations=7 (full 3):
 PSYoungGen      total 29696K, used 547K [0x00000000eab00000, 0x00000000ecc00000, 0x0000000100000000)
  eden space 25600K, 0% used [0x00000000eab00000,0x00000000eab00000,0x00000000ec400000)
  from space 4096K, 13% used [0x00000000ec800000,0x00000000ec888ce0,0x00000000ecc00000)
  to   space 4096K, 0% used [0x00000000ec400000,0x00000000ec400000,0x00000000ec800000)
 ParOldGen       total 68608K, used 9280K [0x00000000c0000000, 0x00000000c4300000, 0x00000000eab00000)
  object space 68608K, 13% used [0x00000000c0000000,0x00000000c0910108,0x00000000c4300000)
 Metaspace       used 21792K, capacity 22935K, committed 23040K, reserved 1081344K
  class space    used 2042K, capacity 2477K, committed 2560K, reserved 1048576K
}
Event: 3.583 GC heap after
{Heap after GC invocations=7 (full 3):
 PSYoungGen      total 29696K, used 0K [0x00000000eab00000, 0x00000000ecc00000, 0x0000000100000000)
  eden space 25600K, 0% used [0x00000000eab00000,0x00000000eab00000,0x00000000ec400000)
  from space 4096K, 0% used [0x00000000ec800000,0x00000000ec800000,0x00000000ecc00000)
  to   space 4096K, 0% used [0x00000000ec400000,0x00000000ec400000,0x00000000ec800000)
 ParOldGen       total 68608K, used 9732K [0x00000000c0000000, 0x00000000c4300000, 0x00000000eab00000)
  object space 68608K, 14% used [0x00000000c0000000,0x00000000c0981150,0x00000000c4300000)
 Metaspace       used 21792K, capacity 22935K, committed 23040K, reserved 1081344K
  class space    used 2042K, capacity 2477K, committed 2560K, reserved 1048576K
}
Event: 3.583 GC heap before
{Heap before GC invocations=8 (full 3):
 PSYoungGen      total 29696K, used 0K [0x00000000eab00000, 0x00000000ecc00000, 0x0000000100000000)
  eden space 25600K, 0% used [0x00000000eab00000,0x00000000eab00000,0x00000000ec400000)
  from space 4096K, 0% used [0x00000000ec800000,0x00000000ec800000,0x00000000ecc00000)
  to   space 4096K, 0% used [0x00000000ec400000,0x00000000ec400000,0x00000000ec800000)
 ParOldGen       total 68608K, used 9732K [0x00000000c0000000, 0x00000000c4300000, 0x00000000eab00000)
  object space 68608K, 14% used [0x00000000c0000000,0x00000000c0981150,0x00000000c4300000)
 Metaspace       used 21792K, capacity 22935K, committed 23040K, reserved 1085440K
  class space    used 2042K, capacity 2477K, committed 2560K, reserved 1048576K
}
Event: 3.584 GC heap after
{Heap after GC invocations=8 (full 3):
 PSYoungGen      total 29696K, used 0K [0x00000000eab00000, 0x00000000ec880000, 0x0000000100000000)
  eden space 25600K, 0% used [0x00000000eab00000,0x00000000eab00000,0x00000000ec400000)
  from space 4096K, 0% used [0x00000000ec400000,0x00000000ec400000,0x00000000ec800000)
  to   space 512K, 0% used [0x00000000ec800000,0x00000000ec800000,0x00000000ec880000)
 ParOldGen       total 68608K, used 9732K [0x00000000c0000000, 0x00000000c4300000, 0x00000000eab00000)
  object space 68608K, 14% used [0x00000000c0000000,0x00000000c0981150,0x00000000c4300000)
 Metaspace       used 21792K, capacity 22935K, committed 23040K, reserved 1085440K
  class space    used 2042K, capacity 2477K, committed 2560K, reserved 1048576K
}
Event: 3.584 GC heap before
{Heap before GC invocations=9 (full 4):
 PSYoungGen      total 29696K, used 0K [0x00000000eab00000, 0x00000000ec880000, 0x0000000100000000)
  eden space 25600K, 0% used [0x00000000eab00000,0x00000000eab00000,0x00000000ec400000)
  from space 4096K, 0% used [0x00000000ec400000,0x00000000ec400000,0x00000000ec800000)
  to   space 512K, 0% used [0x00000000ec800000,0x00000000ec800000,0x00000000ec880000)
 ParOldGen       total 68608K, used 9732K [0x00000000c0000000, 0x00000000c4300000, 0x00000000eab00000)
  object space 68608K, 14% used [0x00000000c0000000,0x00000000c0981150,0x00000000c4300000)
 Metaspace       used 21792K, capacity 22935K, committed 23040K, reserved 1085440K
  class space    used 2042K, capacity 2477K, committed 2560K, reserved 1048576K
}
Event: 3.689 GC heap after
{Heap after GC invocations=9 (full 4):
 PSYoungGen      total 29696K, used 0K [0x00000000eab00000, 0x00000000ec880000, 0x0000000100000000)
  eden space 25600K, 0% used [0x00000000eab00000,0x00000000eab00000,0x00000000ec400000)
  from space 4096K, 0% used [0x00000000ec400000,0x00000000ec400000,0x00000000ec800000)
  to   space 512K, 0% used [0x00000000ec800000,0x00000000ec800000,0x00000000ec880000)
 ParOldGen       total 68608K, used 9036K [0x00000000c0000000, 0x00000000c4300000, 0x00000000eab00000)
  object space 68608K, 13% used [0x00000000c0000000,0x00000000c08d3120,0x00000000c4300000)
 Metaspace       used 21720K, capacity 22826K, committed 23040K, reserved 1073152K
  class space    used 2024K, capacity 2442K, committed 2560K, reserved 1048576K
}

